<?xml version="1.0" encoding="UTF-8"?>
<!-- Generated by org.testng.reporters.JUnitReportReporter -->
<testsuite skipped="0" hostname="Miheers-MBP" name="com.test.framework.automation.testCases.TC01_loginInvalid" tests="1" failures="0" timestamp="07 Jul 2019 14:26:19 GMT" time="9.407" errors="0">
  <testcase name="loginInvalid" time="9.407" classname="com.test.framework.automation.testCases.TC01_loginInvalid"/>
</testsuite> <!-- com.test.framework.automation.testCases.TC01_loginInvalid -->
