<?xml version="1.0" encoding="UTF-8"?>
<!-- Generated by org.testng.reporters.JUnitReportReporter -->
<testsuite skipped="0" hostname="Miheers-MBP" name="com.test.framework.automation.testCases.TC2_LoginPageTest" tests="1" failures="0" timestamp="17 Oct 2019 15:54:12 GMT" time="5.626" errors="0">
  <testcase name="LoginPageTest" time="5.626" classname="com.test.framework.automation.testCases.TC2_LoginPageTest"/>
</testsuite> <!-- com.test.framework.automation.testCases.TC2_LoginPageTest -->
