<?xml version="1.0" encoding="UTF-8"?>
<!-- Generated by org.testng.reporters.JUnitReportReporter -->
<testsuite skipped="0" hostname="Miheers-MacBook-Pro.local" name="com.test.framework.automation.testCases.TC1_createAnAccountTest" tests="1" failures="0" timestamp="17 Oct 2019 06:24:15 GMT" time="24.842" errors="0">
  <testcase name="CreateAnAccountTest" time="24.842" classname="com.test.framework.automation.testCases.TC1_createAnAccountTest"/>
</testsuite> <!-- com.test.framework.automation.testCases.TC1_createAnAccountTest -->
